proguard/seeds.txt
org.t2health.lib.analytics.Analytics$Provider: org.t2health.lib.analytics.Analytics$Provider[] values()
org.t2health.lib.analytics.Analytics$Provider: org.t2health.lib.analytics.Analytics$Provider valueOf(java.lang.String)
org.t2health.lib.activity.BaseTabActivity
org.t2health.lib.activity.BaseActivity
org.t2health.lib.activity.BaseNavigationActivity
org.t2health.lib.activity.XMLItemsBrowserActivity
org.t2health.lib.activity.WebViewActivity
org.t2health.lib.activity.BaseListActivity
org.t2health.lib.T2BaseService
...
org.achartengine.renderer.DialRenderer$Type: org.achartengine.renderer.DialRenderer$Type[] values()
org.achartengine.renderer.DialRenderer$Type: org.achartengine.renderer.DialRenderer$Type valueOf(java.lang.String)
com.j256.ormlite.field.DataType: com.j256.ormlite.field.DataType[] values()
com.j256.ormlite.field.DataType: com.j256.ormlite.field.DataType valueOf(java.lang.String)
com.j256.ormlite.field.DataType: com.j256.ormlite.field.DataType[] values()
com.j256.ormlite.field.DataType: com.j256.ormlite.field.DataType valueOf(java.lang.String)
com.j256.ormlite.field.DataType: com.j256.ormlite.field.DataType[] values()
com.j256.ormlite.field.DataType: com.j256.ormlite.field.DataType valueOf(java.lang.String)
com.j256.ormlite.field.DataType: com.j256.ormlite.field.DataType[] values()
com.j256.ormlite.field.DataType: com.j256.ormlite.field.DataType valueOf(java.lang.String)
com.j256.ormlite.field.DataType: com.j256.ormlite.field.DataType[] values()
com.j256.ormlite.field.DataType: com.j256.ormlite.field.DataType valueOf(java.lang.String)
com.j256.ormlite.field.DataType: com.j256.ormlite.field.DataType[] values()
com.j256.ormlite.field.DataType: com.j256.ormlite.field.DataType valueOf(java.lang.String)
com.j256.ormlite.field.DataType: com.j256.ormlite.field.DataType[] values()
com.j256.ormlite.field.DataType: com.j256.ormlite.field.DataType valueOf(java.lang.String)
com.j256.ormlite.field.DataType: com.j256.ormlite.field.DataType[] values()
com.j256.ormlite.field.DataType: com.j256.ormlite.field.DataType valueOf(java.lang.String)
com.j256.ormlite.field.DataType: com.j256.ormlite.field.DataType[] values()
com.j256.ormlite.field.SqlType: com.j256.ormlite.field.SqlType[] values()
com.j256.ormlite.field.SqlType: com.j256.ormlite.field.SqlType valueOf(java.lang.String)
com.j256.ormlite.field.DataType: com.j256.ormlite.field.DataType[] values()
com.j256.ormlite.field.DataType: com.j256.ormlite.field.DataType valueOf(java.lang.String)
com.j256.ormlite.field.DataType: com.j256.ormlite.field.DataType[] values()
com.j256.ormlite.field.DataType: com.j256.ormlite.field.DataType valueOf(java.lang.String)
com.j256.ormlite.field.DataType: com.j256.ormlite.field.DataType[] values()
com.j256.ormlite.field.DataType: com.j256.ormlite.field.DataType valueOf(java.lang.String)
com.j256.ormlite.field.DataType: com.j256.ormlite.field.DataType[] values()
com.j256.ormlite.field.DataType: com.j256.ormlite.field.DataType valueOf(java.lang.String)
com.j256.ormlite.field.DataType: com.j256.ormlite.field.DataType[] values()
com.j256.ormlite.field.DataType: com.j256.ormlite.field.DataType valueOf(java.lang.String)
com.j256.ormlite.field.DataType: com.j256.ormlite.field.DataType[] values()
com.j256.ormlite.field.DataType: com.j256.ormlite.field.DataType valueOf(java.lang.String)
com.j256.ormlite.field.DataType: com.j256.ormlite.field.DataType[] values()
com.j256.ormlite.field.DataType: com.j256.ormlite.field.DataType valueOf(java.lang.String)
com.j256.ormlite.field.DataType: com.j256.ormlite.field.DataType[] values()
com.j256.ormlite.field.DataType: com.j256.ormlite.field.DataType valueOf(java.lang.String)
com.j256.ormlite.field.DataType: com.j256.ormlite.field.DataType[] values()
com.j256.ormlite.field.DataType: com.j256.ormlite.field.DataType[] values()
com.j256.ormlite.field.DataType: com.j256.ormlite.field.DataType valueOf(java.lang.String)