proguard/usage.txt
org.t2health.lib.Constant
org.t2health.lib.IntentFactory
org.t2health.lib.ManifestMetaData:
    public static final java.lang.String ANALYTICS_PROVIDER
    public static final java.lang.String ANALYTICS_KEY
    public static final java.lang.String ANALYTICS_ENABLED
    public static final java.lang.String REMOTE_STACK_TRACK_URL
    public static final java.lang.String REMOTE_STACK_TRACE_ENABLED
    public static final java.lang.String DATABSE_NAME
    public static final java.lang.String DATABASE_VERSION
    public static final java.lang.String DEBUG_MODE
    78:79:public static int getInt(android.content.Context,java.lang.String)
    100:101:public static float getFloat(android.content.Context,java.lang.String)
org.t2health.lib.R
org.t2health.lib.R$attr
org.t2health.lib.R$drawable
org.t2health.lib.R$id
org.t2health.lib.R$layout
org.t2health.lib.R$string
org.t2health.lib.SharedPref:
    23:25:public static void setAnalyticsEnabled(android.content.Context,boolean)
    34:36:public static void setRemoteStackTraceEnabled(android.content.Context,boolean)
org.t2health.lib.T2BaseService:
    18:50:public void onCreate()
    54:57:public synchronized com.j256.ormlite.android.apptools.OrmLiteSqliteOpenHelper getHelper()
    62:65:public com.j256.ormlite.support.ConnectionSource getConnectionSource()
    70:73:protected com.j256.ormlite.android.apptools.OrmLiteSqliteOpenHelper getHelperInternal(android.content.Context)
    78:82:protected void releaseHelper(com.j256.ormlite.android.apptools.OrmLiteSqliteOpenHelper)
    90:90:protected boolean isDatabaseEnabled()
    99:99:protected java.lang.Class getDatabaseHelperClass()
    103:103:protected java.lang.String getAnalyticsActivityEvent()
org.t2health.lib.activity.BaseActivity:
    76:79:public synchronized org.t2health.lib.db.DatabaseOpenHelper getHelper()
    84:87:public com.j256.ormlite.support.ConnectionSource getConnectionSource()
    92:95:protected org.t2health.lib.db.DatabaseOpenHelper getHelperInternal(android.content.Context)
    1:1:protected com.j256.ormlite.android.apptools.OrmLiteSqliteOpenHelper getHelperInternal(android.content.Context)
    1:1:public synchronized com.j256.ormlite.android.apptools.OrmLiteSqliteOpenHelper getHelper()
org.t2health.lib.activity.BaseListActivity:
    76:79:public synchronized org.t2health.lib.db.DatabaseOpenHelper getHelper()
    84:87:public com.j256.ormlite.support.ConnectionSource getConnectionSource()
    92:95:protected org.t2health.lib.db.DatabaseOpenHelper getHelperInternal(android.content.Context)
    100:104:protected void releaseHelper(org.t2health.lib.db.DatabaseOpenHelper)
    1:1:protected com.j256.ormlite.android.apptools.OrmLiteSqliteOpenHelper getHelperInternal(android.content.Context)
    1:1:public synchronized com.j256.ormlite.android.apptools.OrmLiteSqliteOpenHelper getHelper()
    1:1:protected void releaseHelper(com.j256.ormlite.android.apptools.OrmLiteSqliteOpenHelper)
org.t2health.lib.activity.BaseNavigationActivity:
    public static final java.lang.String EXTRA_TITLE
    public static final java.lang.String EXTRA_RIGHT_BUTTON_TEXT
    public static final java.lang.String EXTRA_RIGHT_BUTTON_VISIBILITY
    public static final java.lang.String EXTRA_LEFT_BUTTON_TEXT
    public static final java.lang.String EXTRA_LEFT_BUTTON_VISIBILITY
    public static final java.lang.String EXTRA_TITLE_VISIBILITY
    public static final int RESULT_BACK
    101:102:public void setTitleBackgroundColor(int)
...
com.j256.ormlite.stmt.UpdateBuilder
com.j256.ormlite.stmt.Where
com.j256.ormlite.stmt.Where$SimpleStack
com.j256.ormlite.stmt.mapped.BaseMappedQuery
com.j256.ormlite.stmt.mapped.BaseMappedStatement
com.j256.ormlite.stmt.mapped.MappedCreate
com.j256.ormlite.stmt.mapped.MappedCreate$KeyHolder
com.j256.ormlite.stmt.mapped.MappedDelete
com.j256.ormlite.stmt.mapped.MappedDeleteCollection
com.j256.ormlite.stmt.mapped.MappedPreparedStmt
com.j256.ormlite.stmt.mapped.MappedQueryForId
com.j256.ormlite.stmt.mapped.MappedRefresh
com.j256.ormlite.stmt.mapped.MappedUpdate
com.j256.ormlite.stmt.mapped.MappedUpdateId
com.j256.ormlite.stmt.query.And
com.j256.ormlite.stmt.query.BaseBinaryClause
com.j256.ormlite.stmt.query.BaseComparison
com.j256.ormlite.stmt.query.Between
com.j256.ormlite.stmt.query.Clause
com.j256.ormlite.stmt.query.Comparison
com.j256.ormlite.stmt.query.Eq
com.j256.ormlite.stmt.query.Exists
com.j256.ormlite.stmt.query.Ge
com.j256.ormlite.stmt.query.Gt
com.j256.ormlite.stmt.query.In
com.j256.ormlite.stmt.query.InSubQuery
com.j256.ormlite.stmt.query.IsNotNull
com.j256.ormlite.stmt.query.IsNull
com.j256.ormlite.stmt.query.Le
com.j256.ormlite.stmt.query.Like
com.j256.ormlite.stmt.query.Lt
com.j256.ormlite.stmt.query.Ne
com.j256.ormlite.stmt.query.NeedsFutureClause
com.j256.ormlite.stmt.query.Not
com.j256.ormlite.stmt.query.Or
com.j256.ormlite.stmt.query.OrderBy
com.j256.ormlite.stmt.query.Raw
com.j256.ormlite.stmt.query.SetExpression
com.j256.ormlite.stmt.query.SetValue
com.j256.ormlite.support.BaseConnectionSource:
    25:32:protected com.j256.ormlite.support.DatabaseConnection getSavedConnection()
    40:50:protected boolean isSavedConnection(com.j256.ormlite.support.DatabaseConnection)
com.j256.ormlite.support.CompiledStatement
com.j256.ormlite.support.ConnectionSource:
    public abstract com.j256.ormlite.support.DatabaseConnection getReadOnlyConnection()
    public abstract com.j256.ormlite.support.DatabaseConnection getReadWriteConnection()
    public abstract void releaseConnection(com.j256.ormlite.support.DatabaseConnection)
    public abstract void close()
    public abstract com.j256.ormlite.db.DatabaseType getDatabaseType()
com.j256.ormlite.support.DatabaseConnection:
    public abstract boolean isAutoCommitSupported()
    public abstract boolean getAutoCommit()
    public abstract void setAutoCommit(boolean)
    public abstract java.sql.Savepoint setSavePoint(java.lang.String)
    public abstract void commit(java.sql.Savepoint)
    public abstract void rollback(java.sql.Savepoint)
    public abstract com.j256.ormlite.support.CompiledStatement compileStatement(java.lang.String,com.j256.ormlite.stmt.StatementBuilder$StatementType,com.j256.ormlite.field.FieldType[],com.j256.ormlite.field.FieldType[])
    public abstract int insert(java.lang.String,java.lang.Object[],com.j256.ormlite.field.FieldType[])
    public abstract int insert(java.lang.String,java.lang.Object[],com.j256.ormlite.field.FieldType[],com.j256.ormlite.support.GeneratedKeyHolder)
    public abstract int update(java.lang.String,java.lang.Object[],com.j256.ormlite.field.FieldType[])
    public abstract int delete(java.lang.String,java.lang.Object[],com.j256.ormlite.field.FieldType[])
    public abstract java.lang.Object queryForOne(java.lang.String,java.lang.Object[],com.j256.ormlite.field.FieldType[],com.j256.ormlite.stmt.GenericRowMapper)
    public abstract long queryForLong(java.lang.String)
    public abstract void close()
    public abstract boolean isClosed()
    public abstract boolean isTableExists(java.lang.String)
com.j256.ormlite.support.DatabaseResults
com.j256.ormlite.support.GeneratedKeyHolder
com.j256.ormlite.table.DatabaseTable
com.j256.ormlite.table.DatabaseTableConfig
com.j256.ormlite.table.TableInfo
com.j256.ormlite.table.TableUtils
com.nullwire.trace.DefaultExceptionHandler:
    private static final java.lang.String TAG
org.achartengine.ChartFactory